<?xml version="1.0" encoding="UTF-8"?>
<!-- Generated by org.testng.reporters.JUnitXMLReporter -->
<testsuite hostname="LAPTOP-57FQFH3S" ignored="0" name="test1" tests="55" failures="1" timestamp="2020-12-02T11:31:32 CST" time="651.41" errors="0">
  <testcase name="@BeforeClass initClass" time="1.004" classname="com.webtest.test.InverstigateOverallPageTest">
    <failure type="java.lang.NullPointerException">
      <![CDATA[java.lang.NullPointerException
at com.webtest.page.BaseTest.login(Unknown Source)
at com.webtest.test.InverstigateOverallPageTest.initClass(Unknown Source)
at java.util.ArrayList.forEach(Unknown Source)
... Removed 24 stack frames]]>
    </failure>
  </testcase> <!-- @BeforeClass initClass -->
  <testcase name="@AfterClass close" time="-1.606879249066E9" classname="com.webtest.page.BaseTest">
    <skipped/>
  </testcase> <!-- @AfterClass close -->
  <testcase name="test1" time="0.0" classname="com.webtest.test.InverstigateOverallPageTest">
    <skipped/>
  </testcase> <!-- test1 -->
  <testcase name="test2" time="0.0" classname="com.webtest.test.InverstigateOverallPageTest">
    <skipped/>
  </testcase> <!-- test2 -->
  <testcase name="test3" time="0.0" classname="com.webtest.test.InverstigateOverallPageTest">
    <skipped/>
  </testcase> <!-- test3 -->
  <testcase name="test4" time="0.0" classname="com.webtest.test.InverstigateOverallPageTest">
    <skipped/>
  </testcase> <!-- test4 -->
  <testcase name="test5" time="0.0" classname="com.webtest.test.InverstigateOverallPageTest">
    <skipped/>
  </testcase> <!-- test5 -->
  <testcase name="test6" time="0.0" classname="com.webtest.test.InverstigateOverallPageTest">
    <skipped/>
  </testcase> <!-- test6 -->
  <testcase name="test7" time="0.0" classname="com.webtest.test.InverstigateOverallPageTest">
    <skipped/>
  </testcase> <!-- test7 -->
  <testcase name="test8" time="0.0" classname="com.webtest.test.InverstigateOverallPageTest">
    <skipped/>
  </testcase> <!-- test8 -->
  <testcase name="test10" time="0.094" classname="com.webtest.test.AppearancePageTest"/>
  <testcase name="test11" time="0.108" classname="com.webtest.test.AppearancePageTest"/>
  <testcase name="test12" time="19.341" classname="com.webtest.test.AppearancePageTest"/>
  <testcase name="test13" time="15.607" classname="com.webtest.test.AppearancePageTest"/>
  <testcase name="test14" time="13.449" classname="com.webtest.test.AppearancePageTest"/>
  <testcase name="test15" time="13.275" classname="com.webtest.test.AppearancePageTest"/>
  <testcase name="test16" time="12.891" classname="com.webtest.test.AppearancePageTest"/>
  <testcase name="test17" time="13.007" classname="com.webtest.test.AppearancePageTest"/>
  <testcase name="test18" time="12.615" classname="com.webtest.test.AppearancePageTest"/>
  <testcase name="test19" time="12.924" classname="com.webtest.test.AppearancePageTest"/>
  <testcase name="test20" time="13.115" classname="com.webtest.test.AppearancePageTest"/>
  <testcase name="test21" time="13.186" classname="com.webtest.test.AppearancePageTest"/>
  <testcase name="test22" time="12.493" classname="com.webtest.test.AppearancePageTest"/>
  <testcase name="test23" time="12.603" classname="com.webtest.test.AppearancePageTest"/>
  <testcase name="test24" time="15.851" classname="com.webtest.test.AppearancePageTest"/>
  <testcase name="test25" time="24.924" classname="com.webtest.test.AppearancePageTest"/>
  <testcase name="test26" time="24.982" classname="com.webtest.test.AppearancePageTest"/>
  <testcase name="test27" time="23.089" classname="com.webtest.test.AppearancePageTest"/>
  <testcase name="test28" time="3.148" classname="com.webtest.test.AppearancePageTest"/>
  <testcase name="test9" time="12.756" classname="com.webtest.test.AppearancePageTest"/>
  <testcase name="test29" time="12.561" classname="com.webtest.test.ParticipantSetPageTest"/>
  <testcase name="test30" time="12.583" classname="com.webtest.test.ParticipantSetPageTest"/>
  <testcase name="test31" time="12.591" classname="com.webtest.test.ParticipantSetPageTest"/>
  <testcase name="test32" time="3.144" classname="com.webtest.test.ParticipantSetPageTest"/>
  <testcase name="test33" time="3.169" classname="com.webtest.test.ParticipantSetPageTest"/>
  <testcase name="test34" time="3.163" classname="com.webtest.test.ParticipantSetPageTest"/>
  <testcase name="test35" time="3.18" classname="com.webtest.test.NotificationDataPageTest"/>
  <testcase name="test36" time="3.16" classname="com.webtest.test.NotificationDataPageTest"/>
  <testcase name="test37" time="3.157" classname="com.webtest.test.NotificationDataPageTest"/>
  <testcase name="test38" time="3.163" classname="com.webtest.test.NotificationDataPageTest"/>
  <testcase name="test39" time="3.21" classname="com.webtest.test.ReleasseAccessPageTest"/>
  <testcase name="test40" time="3.18" classname="com.webtest.test.ReleasseAccessPageTest"/>
  <testcase name="test41" time="13.976" classname="com.webtest.test.ReleasseAccessPageTest"/>
  <testcase name="test42" time="3.204" classname="com.webtest.test.ReleasseAccessPageTest">
    <failure type="org.openqa.selenium.NoSuchElementException" message="Unable to locate element: //input[@id=&amp;apos;allowregister_opt1&amp;apos;]
For documentation on this error, please visit: https://www.seleniumhq.org/exceptions/no_such_element.html
Build info: version: &amp;apos;3.141.59&amp;apos;, revision: &amp;apos;e82be7d358&amp;apos;, time: &amp;apos;2018-11-14T08:25:53&amp;apos;
System info: host: &amp;apos;LAPTOP-57FQFH3S&amp;apos;, ip: &amp;apos;10.7.86.234&amp;apos;, os.name: &amp;apos;Windows 10&amp;apos;, os.arch: &amp;apos;amd64&amp;apos;, os.version: &amp;apos;10.0&amp;apos;, java.version: &amp;apos;1.8.0_212&amp;apos;
Driver info: org.openqa.selenium.firefox.FirefoxDriver
Capabilities {acceptInsecureCerts: true, browserName: firefox, browserVersion: 82.0.2, javascriptEnabled: true, moz:accessibilityChecks: false, moz:buildID: 20201027185343, moz:geckodriverVersion: 0.24.0, moz:headless: false, moz:processID: 24100, moz:profile: C:\Users\孙锦镖\AppData\Local\..., moz:shutdownTimeout: 60000, moz:useNonSpecCompliantPointerOrigin: false, moz:webdriverClick: true, pageLoadStrategy: normal, platform: WINDOWS, platformName: WINDOWS, platformVersion: 10.0, rotatable: false, setWindowRect: true, strictFileInteractability: false, timeouts: {implicit: 0, pageLoad: 300000, script: 30000}, unhandledPromptBehavior: dismiss and notify}
Session ID: 91a75bdb-9e4e-4d90-9fd3-676a5f61629e
*** Element info: {Using=xpath, value=//input[@id=&amp;apos;allowregister_opt1&amp;apos;]}">
      <![CDATA[org.openqa.selenium.NoSuchElementException: Unable to locate element: //input[@id='allowregister_opt1']
For documentation on this error, please visit: https://www.seleniumhq.org/exceptions/no_such_element.html
Build info: version: '3.141.59', revision: 'e82be7d358', time: '2018-11-14T08:25:53'
System info: host: 'LAPTOP-57FQFH3S', ip: '10.7.86.234', os.name: 'Windows 10', os.arch: 'amd64', os.version: '10.0', java.version: '1.8.0_212'
Driver info: org.openqa.selenium.firefox.FirefoxDriver
Capabilities {acceptInsecureCerts: true, browserName: firefox, browserVersion: 82.0.2, javascriptEnabled: true, moz:accessibilityChecks: false, moz:buildID: 20201027185343, moz:geckodriverVersion: 0.24.0, moz:headless: false, moz:processID: 24100, moz:profile: C:\Users\孙锦镖\AppData\Local\..., moz:shutdownTimeout: 60000, moz:useNonSpecCompliantPointerOrigin: false, moz:webdriverClick: true, pageLoadStrategy: normal, platform: WINDOWS, platformName: WINDOWS, platformVersion: 10.0, rotatable: false, setWindowRect: true, strictFileInteractability: false, timeouts: {implicit: 0, pageLoad: 300000, script: 30000}, unhandledPromptBehavior: dismiss and notify}
Session ID: 91a75bdb-9e4e-4d90-9fd3-676a5f61629e
*** Element info: {Using=xpath, value=//input[@id='allowregister_opt1']}
at org.openqa.selenium.remote.http.W3CHttpResponseCodec.createException(W3CHttpResponseCodec.java:187)
at org.openqa.selenium.remote.http.W3CHttpResponseCodec.decode(W3CHttpResponseCodec.java:122)
at org.openqa.selenium.remote.http.W3CHttpResponseCodec.decode(W3CHttpResponseCodec.java:49)
at org.openqa.selenium.remote.HttpCommandExecutor.execute(HttpCommandExecutor.java:158)
at org.openqa.selenium.remote.service.DriverCommandExecutor.execute(DriverCommandExecutor.java:83)
at org.openqa.selenium.remote.RemoteWebDriver.execute(RemoteWebDriver.java:552)
at org.openqa.selenium.remote.RemoteWebDriver.findElement(RemoteWebDriver.java:323)
at org.openqa.selenium.remote.RemoteWebDriver.findElementByXPath(RemoteWebDriver.java:428)
at org.openqa.selenium.By$ByXPath.findElement(By.java:353)
at org.openqa.selenium.remote.RemoteWebDriver.findElement(RemoteWebDriver.java:315)
at com.webtest.page.BaseTest.buttonclick(Unknown Source)
at com.webtest.test.ReleasseAccessPageTest.test42(Unknown Source)
at java.util.ArrayList.forEach(Unknown Source)
... Removed 30 stack frames]]>
    </failure>
  </testcase> <!-- test42 -->
  <testcase name="test43" time="3.146" classname="com.webtest.test.ReleasseAccessPageTest"/>
  <testcase name="test44" time="3.405" classname="com.webtest.test.PlugPageTest"/>
  <testcase name="test45" time="0.694" classname="com.webtest.test.PlugPageTest"/>
  <testcase name="test46" time="5.626" classname="com.webtest.test.PlugPageTest"/>
  <testcase name="test47" time="5.274" classname="com.webtest.test.PlugPageTest"/>
  <testcase name="test48" time="1.684" classname="com.webtest.test.PlugPageTest"/>
  <testcase name="test49" time="1.191" classname="com.webtest.test.PlugPageTest"/>
  <testcase name="test50" time="3.088" classname="com.webtest.test.PlugPageTest"/>
  <testcase name="test51" time="0.39" classname="com.webtest.test.PlugPageTest"/>
  <testcase name="test55" time="21.519" classname="com.webtest.test.MenuItemPageTest"/>
  <testcase name="test52" time="9.92" classname="com.webtest.test.MenuPageTeset"/>
  <testcase name="test53" time="10.32" classname="com.webtest.test.MenuPageTeset"/>
  <testcase name="test54" time="3.511" classname="com.webtest.test.MenuPageTeset"/>
</testsuite> <!-- test1 -->
