<html>
<head>
<title>TestNG:  test1</title>
<link href="../testng.css" rel="stylesheet" type="text/css" />
<link href="../my-testng.css" rel="stylesheet" type="text/css" />

<style type="text/css">
.log { display: none;} 
.stack-trace { display: none;} 
</style>
<script type="text/javascript">
<!--
function flip(e) {
  current = e.style.display;
  if (current == 'block') {
    e.style.display = 'none';
    return 0;
  }
  else {
    e.style.display = 'block';
    return 1;
  }
}

function toggleBox(szDivId, elem, msg1, msg2)
{
  var res = -1;  if (document.getElementById) {
    res = flip(document.getElementById(szDivId));
  }
  else if (document.all) {
    // this is the way old msie versions work
    res = flip(document.all[szDivId]);
  }
  if(elem) {
    if(res == 0) elem.innerHTML = msg1; else elem.innerHTML = msg2;
  }

}

function toggleAllBoxes() {
  if (document.getElementsByTagName) {
    d = document.getElementsByTagName('div');
    for (i = 0; i < d.length; i++) {
      if (d[i].className == 'log') {
        flip(d[i]);
      }
    }
  }
}

// -->
</script>

</head>
<body>
<h2 align='center'>test1</h2><table border='1' align="center">
<tr>
<td>Tests passed/Failed/Skipped:</td><td>46/1/8</td>
</tr><tr>
<td>Started on:</td><td>Wed Dec 02 11:20:40 CST 2020</td>
</tr>
<tr><td>Total time:</td><td>651 seconds (651410 ms)</td>
</tr><tr>
<td>Included groups:</td><td></td>
</tr><tr>
<td>Excluded groups:</td><td></td>
</tr>
</table><p/>
<small><i>(Hover the method name to see the test class name)</i></small><p/>
<table width='100%' border='1' class='invocation-failed'>
<tr><td colspan='4' align='center'><b>FAILED CONFIGURATIONS</b></td></tr>
<tr><td><b>Test method</b></td>
<td width="30%"><b>Exception</b></td>
<td width="10%"><b>Time (seconds)</b></td>
<td><b>Instance</b></td>
</tr>
<tr>
<td title='com.webtest.test.InverstigateOverallPageTest.initClass()'><b>initClass</b><br>Test class: com.webtest.test.InverstigateOverallPageTest</td>
<td><div><pre>java.lang.NullPointerException
	at com.webtest.page.BaseTest.login(Unknown Source)
	at com.webtest.test.InverstigateOverallPageTest.initClass(Unknown Source)
	at java.util.ArrayList.forEach(Unknown Source)
... Removed 24 stack frames</pre></div><a href='#' onClick='toggleBox("stack-trace9797126", this, "Click to show all stack frames", "Click to hide stack frames")'>Click to show all stack frames</a>
<div class='stack-trace' id='stack-trace9797126'><pre>java.lang.NullPointerException
	at com.webtest.page.BaseTest.login(Unknown Source)
	at com.webtest.test.InverstigateOverallPageTest.initClass(Unknown Source)
	at sun.reflect.NativeMethodAccessorImpl.invoke0(Native Method)
	at sun.reflect.NativeMethodAccessorImpl.invoke(Unknown Source)
	at sun.reflect.DelegatingMethodAccessorImpl.invoke(Unknown Source)
	at java.lang.reflect.Method.invoke(Unknown Source)
	at org.testng.internal.MethodInvocationHelper.invokeMethod(MethodInvocationHelper.java:134)
	at org.testng.internal.MethodInvocationHelper.invokeMethodConsideringTimeout(MethodInvocationHelper.java:63)
	at org.testng.internal.ConfigInvoker.invokeConfigurationMethod(ConfigInvoker.java:348)
	at org.testng.internal.ConfigInvoker.invokeConfigurations(ConfigInvoker.java:302)
	at org.testng.internal.TestMethodWorker.invokeBeforeClassMethods(TestMethodWorker.java:176)
	at org.testng.internal.TestMethodWorker.run(TestMethodWorker.java:122)
	at java.util.ArrayList.forEach(Unknown Source)
	at org.testng.TestRunner.privateRun(TestRunner.java:766)
	at org.testng.TestRunner.run(TestRunner.java:587)
	at org.testng.SuiteRunner.runTest(SuiteRunner.java:384)
	at org.testng.SuiteRunner.runSequentially(SuiteRunner.java:378)
	at org.testng.SuiteRunner.privateRun(SuiteRunner.java:337)
	at org.testng.SuiteRunner.run(SuiteRunner.java:286)
	at org.testng.SuiteRunnerWorker.runSuite(SuiteRunnerWorker.java:53)
	at org.testng.SuiteRunnerWorker.run(SuiteRunnerWorker.java:96)
	at org.testng.TestNG.runSuitesSequentially(TestNG.java:1187)
	at org.testng.TestNG.runSuitesLocally(TestNG.java:1109)
	at org.testng.TestNG.runSuites(TestNG.java:1039)
	at org.testng.TestNG.run(TestNG.java:1007)
	at org.testng.TestNG.privateMain(TestNG.java:1336)
	at org.testng.TestNG.main(TestNG.java:1304)
</pre></div></td>
<td>1</td>
<td>com.webtest.test.InverstigateOverallPageTest@5d5eef3d</td></tr>
</table><p>
<table width='100%' border='1' class='invocation-skipped'>
<tr><td colspan='4' align='center'><b>SKIPPED CONFIGURATIONS</b></td></tr>
<tr><td><b>Test method</b></td>
<td width="30%"><b>Exception</b></td>
<td width="10%"><b>Time (seconds)</b></td>
<td><b>Instance</b></td>
</tr>
<tr>
<td title='com.webtest.test.InverstigateOverallPageTest.close()'><b>close</b><br>Test class: com.webtest.test.InverstigateOverallPageTest</td>
<td></td>
<td>-1606879249</td>
<td>com.webtest.test.InverstigateOverallPageTest@5d5eef3d</td></tr>
</table><p>
<table width='100%' border='1' class='invocation-failed'>
<tr><td colspan='4' align='center'><b>FAILED TESTS</b></td></tr>
<tr><td><b>Test method</b></td>
<td width="30%"><b>Exception</b></td>
<td width="10%"><b>Time (seconds)</b></td>
<td><b>Instance</b></td>
</tr>
<tr>
<td title='com.webtest.test.ReleasseAccessPageTest.test42()'><b>test42</b><br>Test class: com.webtest.test.ReleasseAccessPageTest</td>
<td><div><pre>org.openqa.selenium.NoSuchElementException: Unable to locate element: //input[@id=&apos;allowregister_opt1&apos;]
For documentation on this error, please visit: https://www.seleniumhq.org/exceptions/no_such_element.html
Build info: version: &apos;3.141.59&apos;, revision: &apos;e82be7d358&apos;, time: &apos;2018-11-14T08:25:53&apos;
System info: host: &apos;LAPTOP-57FQFH3S&apos;, ip: &apos;10.7.86.234&apos;, os.name: &apos;Windows 10&apos;, os.arch: &apos;amd64&apos;, os.version: &apos;10.0&apos;, java.version: &apos;1.8.0_212&apos;
Driver info: org.openqa.selenium.firefox.FirefoxDriver
Capabilities {acceptInsecureCerts: true, browserName: firefox, browserVersion: 82.0.2, javascriptEnabled: true, moz:accessibilityChecks: false, moz:buildID: 20201027185343, moz:geckodriverVersion: 0.24.0, moz:headless: false, moz:processID: 24100, moz:profile: C:\Users\Ëï½õïÚ\AppData\Local\..., moz:shutdownTimeout: 60000, moz:useNonSpecCompliantPointerOrigin: false, moz:webdriverClick: true, pageLoadStrategy: normal, platform: WINDOWS, platformName: WINDOWS, platformVersion: 10.0, rotatable: false, setWindowRect: true, strictFileInteractability: false, timeouts: {implicit: 0, pageLoad: 300000, script: 30000}, unhandledPromptBehavior: dismiss and notify}
Session ID: 91a75bdb-9e4e-4d90-9fd3-676a5f61629e
*** Element info: {Using=xpath, value=//input[@id=&apos;allowregister_opt1&apos;]}
	at org.openqa.selenium.remote.http.W3CHttpResponseCodec.createException(W3CHttpResponseCodec.java:187)
	at org.openqa.selenium.remote.http.W3CHttpResponseCodec.decode(W3CHttpResponseCodec.java:122)
	at org.openqa.selenium.remote.http.W3CHttpResponseCodec.decode(W3CHttpResponseCodec.java:49)
	at org.openqa.selenium.remote.HttpCommandExecutor.execute(HttpCommandExecutor.java:158)
	at org.openqa.selenium.remote.service.DriverCommandExecutor.execute(DriverCommandExecutor.java:83)
	at org.openqa.selenium.remote.RemoteWebDriver.execute(RemoteWebDriver.java:552)
	at org.openqa.selenium.remote.RemoteWebDriver.findElement(RemoteWebDriver.java:323)
	at org.openqa.selenium.remote.RemoteWebDriver.findElementByXPath(RemoteWebDriver.java:428)
	at org.openqa.selenium.By$ByXPath.findElement(By.java:353)
	at org.openqa.selenium.remote.RemoteWebDriver.findElement(RemoteWebDriver.java:315)
	at com.webtest.page.BaseTest.buttonclick(Unknown Source)
	at com.webtest.test.ReleasseAccessPageTest.test42(Unknown Source)
	at java.util.ArrayList.forEach(Unknown Source)
... Removed 30 stack frames</pre></div><a href='#' onClick='toggleBox("stack-trace1619842305", this, "Click to show all stack frames", "Click to hide stack frames")'>Click to show all stack frames</a>
<div class='stack-trace' id='stack-trace1619842305'><pre>org.openqa.selenium.NoSuchElementException: Unable to locate element: //input[@id=&apos;allowregister_opt1&apos;]
For documentation on this error, please visit: https://www.seleniumhq.org/exceptions/no_such_element.html
Build info: version: &apos;3.141.59&apos;, revision: &apos;e82be7d358&apos;, time: &apos;2018-11-14T08:25:53&apos;
System info: host: &apos;LAPTOP-57FQFH3S&apos;, ip: &apos;10.7.86.234&apos;, os.name: &apos;Windows 10&apos;, os.arch: &apos;amd64&apos;, os.version: &apos;10.0&apos;, java.version: &apos;1.8.0_212&apos;
Driver info: org.openqa.selenium.firefox.FirefoxDriver
Capabilities {acceptInsecureCerts: true, browserName: firefox, browserVersion: 82.0.2, javascriptEnabled: true, moz:accessibilityChecks: false, moz:buildID: 20201027185343, moz:geckodriverVersion: 0.24.0, moz:headless: false, moz:processID: 24100, moz:profile: C:\Users\Ëï½õïÚ\AppData\Local\..., moz:shutdownTimeout: 60000, moz:useNonSpecCompliantPointerOrigin: false, moz:webdriverClick: true, pageLoadStrategy: normal, platform: WINDOWS, platformName: WINDOWS, platformVersion: 10.0, rotatable: false, setWindowRect: true, strictFileInteractability: false, timeouts: {implicit: 0, pageLoad: 300000, script: 30000}, unhandledPromptBehavior: dismiss and notify}
Session ID: 91a75bdb-9e4e-4d90-9fd3-676a5f61629e
*** Element info: {Using=xpath, value=//input[@id=&apos;allowregister_opt1&apos;]}
	at sun.reflect.NativeConstructorAccessorImpl.newInstance0(Native Method)
	at sun.reflect.NativeConstructorAccessorImpl.newInstance(Unknown Source)
	at sun.reflect.DelegatingConstructorAccessorImpl.newInstance(Unknown Source)
	at java.lang.reflect.Constructor.newInstance(Unknown Source)
	at org.openqa.selenium.remote.http.W3CHttpResponseCodec.createException(W3CHttpResponseCodec.java:187)
	at org.openqa.selenium.remote.http.W3CHttpResponseCodec.decode(W3CHttpResponseCodec.java:122)
	at org.openqa.selenium.remote.http.W3CHttpResponseCodec.decode(W3CHttpResponseCodec.java:49)
	at org.openqa.selenium.remote.HttpCommandExecutor.execute(HttpCommandExecutor.java:158)
	at org.openqa.selenium.remote.service.DriverCommandExecutor.execute(DriverCommandExecutor.java:83)
	at org.openqa.selenium.remote.RemoteWebDriver.execute(RemoteWebDriver.java:552)
	at org.openqa.selenium.remote.RemoteWebDriver.findElement(RemoteWebDriver.java:323)
	at org.openqa.selenium.remote.RemoteWebDriver.findElementByXPath(RemoteWebDriver.java:428)
	at org.openqa.selenium.By$ByXPath.findElement(By.java:353)
	at org.openqa.selenium.remote.RemoteWebDriver.findElement(RemoteWebDriver.java:315)
	at com.webtest.page.BaseTest.buttonclick(Unknown Source)
	at com.webtest.test.ReleasseAccessPageTest.test42(Unknown Source)
	at sun.reflect.NativeMethodAccessorImpl.invoke0(Native Method)
	at sun.reflect.NativeMethodAccessorImpl.invoke(Unknown Source)
	at sun.reflect.DelegatingMethodAccessorImpl.invoke(Unknown Source)
	at java.lang.reflect.Method.invoke(Unknown Source)
	at org.testng.internal.MethodInvocationHelper.invokeMethod(MethodInvocationHelper.java:134)
	at org.testng.internal.TestInvoker.invokeMethod(TestInvoker.java:597)
	at org.testng.internal.TestInvoker.invokeTestMethod(TestInvoker.java:173)
	at org.testng.internal.MethodRunner.runInSequence(MethodRunner.java:46)
	at org.testng.internal.TestInvoker$MethodInvocationAgent.invoke(TestInvoker.java:816)
	at org.testng.internal.TestInvoker.invokeTestMethods(TestInvoker.java:146)
	at org.testng.internal.TestMethodWorker.invokeTestMethods(TestMethodWorker.java:146)
	at org.testng.internal.TestMethodWorker.run(TestMethodWorker.java:128)
	at java.util.ArrayList.forEach(Unknown Source)
	at org.testng.TestRunner.privateRun(TestRunner.java:766)
	at org.testng.TestRunner.run(TestRunner.java:587)
	at org.testng.SuiteRunner.runTest(SuiteRunner.java:384)
	at org.testng.SuiteRunner.runSequentially(SuiteRunner.java:378)
	at org.testng.SuiteRunner.privateRun(SuiteRunner.java:337)
	at org.testng.SuiteRunner.run(SuiteRunner.java:286)
	at org.testng.SuiteRunnerWorker.runSuite(SuiteRunnerWorker.java:53)
	at org.testng.SuiteRunnerWorker.run(SuiteRunnerWorker.java:96)
	at org.testng.TestNG.runSuitesSequentially(TestNG.java:1187)
	at org.testng.TestNG.runSuitesLocally(TestNG.java:1109)
	at org.testng.TestNG.runSuites(TestNG.java:1039)
	at org.testng.TestNG.run(TestNG.java:1007)
	at org.testng.TestNG.privateMain(TestNG.java:1336)
	at org.testng.TestNG.main(TestNG.java:1304)
</pre></div></td>
<td>3</td>
<td>com.webtest.test.ReleasseAccessPageTest@100fc185</td></tr>
</table><p>
<table width='100%' border='1' class='invocation-passed'>
<tr><td colspan='4' align='center'><b>PASSED TESTS</b></td></tr>
<tr><td><b>Test method</b></td>
<td width="30%"><b>Exception</b></td>
<td width="10%"><b>Time (seconds)</b></td>
<td><b>Instance</b></td>
</tr>
<tr>
<td title='com.webtest.test.AppearancePageTest.test10()'><b>test10</b><br>Test class: com.webtest.test.AppearancePageTest</td>
<td></td>
<td>0</td>
<td>com.webtest.test.AppearancePageTest@56f4468b</td></tr>
<tr>
<td title='com.webtest.test.AppearancePageTest.test11()'><b>test11</b><br>Test class: com.webtest.test.AppearancePageTest</td>
<td></td>
<td>0</td>
<td>com.webtest.test.AppearancePageTest@56f4468b</td></tr>
<tr>
<td title='com.webtest.test.AppearancePageTest.test12()'><b>test12</b><br>Test class: com.webtest.test.AppearancePageTest</td>
<td></td>
<td>19</td>
<td>com.webtest.test.AppearancePageTest@56f4468b</td></tr>
<tr>
<td title='com.webtest.test.AppearancePageTest.test13()'><b>test13</b><br>Test class: com.webtest.test.AppearancePageTest</td>
<td></td>
<td>15</td>
<td>com.webtest.test.AppearancePageTest@56f4468b</td></tr>
<tr>
<td title='com.webtest.test.AppearancePageTest.test14()'><b>test14</b><br>Test class: com.webtest.test.AppearancePageTest</td>
<td></td>
<td>13</td>
<td>com.webtest.test.AppearancePageTest@56f4468b</td></tr>
<tr>
<td title='com.webtest.test.AppearancePageTest.test15()'><b>test15</b><br>Test class: com.webtest.test.AppearancePageTest</td>
<td></td>
<td>13</td>
<td>com.webtest.test.AppearancePageTest@56f4468b</td></tr>
<tr>
<td title='com.webtest.test.AppearancePageTest.test16()'><b>test16</b><br>Test class: com.webtest.test.AppearancePageTest</td>
<td></td>
<td>12</td>
<td>com.webtest.test.AppearancePageTest@56f4468b</td></tr>
<tr>
<td title='com.webtest.test.AppearancePageTest.test17()'><b>test17</b><br>Test class: com.webtest.test.AppearancePageTest</td>
<td></td>
<td>13</td>
<td>com.webtest.test.AppearancePageTest@56f4468b</td></tr>
<tr>
<td title='com.webtest.test.AppearancePageTest.test18()'><b>test18</b><br>Test class: com.webtest.test.AppearancePageTest</td>
<td></td>
<td>12</td>
<td>com.webtest.test.AppearancePageTest@56f4468b</td></tr>
<tr>
<td title='com.webtest.test.AppearancePageTest.test19()'><b>test19</b><br>Test class: com.webtest.test.AppearancePageTest</td>
<td></td>
<td>12</td>
<td>com.webtest.test.AppearancePageTest@56f4468b</td></tr>
<tr>
<td title='com.webtest.test.AppearancePageTest.test20()'><b>test20</b><br>Test class: com.webtest.test.AppearancePageTest</td>
<td></td>
<td>13</td>
<td>com.webtest.test.AppearancePageTest@56f4468b</td></tr>
<tr>
<td title='com.webtest.test.AppearancePageTest.test21()'><b>test21</b><br>Test class: com.webtest.test.AppearancePageTest</td>
<td></td>
<td>13</td>
<td>com.webtest.test.AppearancePageTest@56f4468b</td></tr>
<tr>
<td title='com.webtest.test.AppearancePageTest.test22()'><b>test22</b><br>Test class: com.webtest.test.AppearancePageTest</td>
<td></td>
<td>12</td>
<td>com.webtest.test.AppearancePageTest@56f4468b</td></tr>
<tr>
<td title='com.webtest.test.AppearancePageTest.test23()'><b>test23</b><br>Test class: com.webtest.test.AppearancePageTest</td>
<td></td>
<td>12</td>
<td>com.webtest.test.AppearancePageTest@56f4468b</td></tr>
<tr>
<td title='com.webtest.test.AppearancePageTest.test24()'><b>test24</b><br>Test class: com.webtest.test.AppearancePageTest</td>
<td></td>
<td>15</td>
<td>com.webtest.test.AppearancePageTest@56f4468b</td></tr>
<tr>
<td title='com.webtest.test.AppearancePageTest.test25()'><b>test25</b><br>Test class: com.webtest.test.AppearancePageTest</td>
<td></td>
<td>24</td>
<td>com.webtest.test.AppearancePageTest@56f4468b</td></tr>
<tr>
<td title='com.webtest.test.AppearancePageTest.test26()'><b>test26</b><br>Test class: com.webtest.test.AppearancePageTest</td>
<td></td>
<td>24</td>
<td>com.webtest.test.AppearancePageTest@56f4468b</td></tr>
<tr>
<td title='com.webtest.test.AppearancePageTest.test27()'><b>test27</b><br>Test class: com.webtest.test.AppearancePageTest</td>
<td></td>
<td>23</td>
<td>com.webtest.test.AppearancePageTest@56f4468b</td></tr>
<tr>
<td title='com.webtest.test.AppearancePageTest.test28()'><b>test28</b><br>Test class: com.webtest.test.AppearancePageTest</td>
<td></td>
<td>3</td>
<td>com.webtest.test.AppearancePageTest@56f4468b</td></tr>
<tr>
<td title='com.webtest.test.ParticipantSetPageTest.test29()'><b>test29</b><br>Test class: com.webtest.test.ParticipantSetPageTest</td>
<td></td>
<td>12</td>
<td>com.webtest.test.ParticipantSetPageTest@6cc4c815</td></tr>
<tr>
<td title='com.webtest.test.ParticipantSetPageTest.test30()'><b>test30</b><br>Test class: com.webtest.test.ParticipantSetPageTest</td>
<td></td>
<td>12</td>
<td>com.webtest.test.ParticipantSetPageTest@6cc4c815</td></tr>
<tr>
<td title='com.webtest.test.ParticipantSetPageTest.test31()'><b>test31</b><br>Test class: com.webtest.test.ParticipantSetPageTest</td>
<td></td>
<td>12</td>
<td>com.webtest.test.ParticipantSetPageTest@6cc4c815</td></tr>
<tr>
<td title='com.webtest.test.ParticipantSetPageTest.test32()'><b>test32</b><br>Test class: com.webtest.test.ParticipantSetPageTest</td>
<td></td>
<td>3</td>
<td>com.webtest.test.ParticipantSetPageTest@6cc4c815</td></tr>
<tr>
<td title='com.webtest.test.ParticipantSetPageTest.test33()'><b>test33</b><br>Test class: com.webtest.test.ParticipantSetPageTest</td>
<td></td>
<td>3</td>
<td>com.webtest.test.ParticipantSetPageTest@6cc4c815</td></tr>
<tr>
<td title='com.webtest.test.ParticipantSetPageTest.test34()'><b>test34</b><br>Test class: com.webtest.test.ParticipantSetPageTest</td>
<td></td>
<td>3</td>
<td>com.webtest.test.ParticipantSetPageTest@6cc4c815</td></tr>
<tr>
<td title='com.webtest.test.NotificationDataPageTest.test35()'><b>test35</b><br>Test class: com.webtest.test.NotificationDataPageTest</td>
<td></td>
<td>3</td>
<td>com.webtest.test.NotificationDataPageTest@3a82f6ef</td></tr>
<tr>
<td title='com.webtest.test.NotificationDataPageTest.test36()'><b>test36</b><br>Test class: com.webtest.test.NotificationDataPageTest</td>
<td></td>
<td>3</td>
<td>com.webtest.test.NotificationDataPageTest@3a82f6ef</td></tr>
<tr>
<td title='com.webtest.test.NotificationDataPageTest.test37()'><b>test37</b><br>Test class: com.webtest.test.NotificationDataPageTest</td>
<td></td>
<td>3</td>
<td>com.webtest.test.NotificationDataPageTest@3a82f6ef</td></tr>
<tr>
<td title='com.webtest.test.NotificationDataPageTest.test38()'><b>test38</b><br>Test class: com.webtest.test.NotificationDataPageTest</td>
<td></td>
<td>3</td>
<td>com.webtest.test.NotificationDataPageTest@3a82f6ef</td></tr>
<tr>
<td title='com.webtest.test.ReleasseAccessPageTest.test39()'><b>test39</b><br>Test class: com.webtest.test.ReleasseAccessPageTest</td>
<td></td>
<td>3</td>
<td>com.webtest.test.ReleasseAccessPageTest@100fc185</td></tr>
<tr>
<td title='com.webtest.test.ReleasseAccessPageTest.test40()'><b>test40</b><br>Test class: com.webtest.test.ReleasseAccessPageTest</td>
<td></td>
<td>3</td>
<td>com.webtest.test.ReleasseAccessPageTest@100fc185</td></tr>
<tr>
<td title='com.webtest.test.ReleasseAccessPageTest.test41()'><b>test41</b><br>Test class: com.webtest.test.ReleasseAccessPageTest</td>
<td></td>
<td>13</td>
<td>com.webtest.test.ReleasseAccessPageTest@100fc185</td></tr>
<tr>
<td title='com.webtest.test.ReleasseAccessPageTest.test43()'><b>test43</b><br>Test class: com.webtest.test.ReleasseAccessPageTest</td>
<td></td>
<td>3</td>
<td>com.webtest.test.ReleasseAccessPageTest@100fc185</td></tr>
<tr>
<td title='com.webtest.test.PlugPageTest.test44()'><b>test44</b><br>Test class: com.webtest.test.PlugPageTest</td>
<td></td>
<td>3</td>
<td>com.webtest.test.PlugPageTest@643b1d11</td></tr>
<tr>
<td title='com.webtest.test.PlugPageTest.test45()'><b>test45</b><br>Test class: com.webtest.test.PlugPageTest</td>
<td></td>
<td>0</td>
<td>com.webtest.test.PlugPageTest@643b1d11</td></tr>
<tr>
<td title='com.webtest.test.PlugPageTest.test46()'><b>test46</b><br>Test class: com.webtest.test.PlugPageTest</td>
<td></td>
<td>5</td>
<td>com.webtest.test.PlugPageTest@643b1d11</td></tr>
<tr>
<td title='com.webtest.test.PlugPageTest.test47()'><b>test47</b><br>Test class: com.webtest.test.PlugPageTest</td>
<td></td>
<td>5</td>
<td>com.webtest.test.PlugPageTest@643b1d11</td></tr>
<tr>
<td title='com.webtest.test.PlugPageTest.test48()'><b>test48</b><br>Test class: com.webtest.test.PlugPageTest</td>
<td></td>
<td>1</td>
<td>com.webtest.test.PlugPageTest@643b1d11</td></tr>
<tr>
<td title='com.webtest.test.PlugPageTest.test49()'><b>test49</b><br>Test class: com.webtest.test.PlugPageTest</td>
<td></td>
<td>1</td>
<td>com.webtest.test.PlugPageTest@643b1d11</td></tr>
<tr>
<td title='com.webtest.test.PlugPageTest.test50()'><b>test50</b><br>Test class: com.webtest.test.PlugPageTest</td>
<td></td>
<td>3</td>
<td>com.webtest.test.PlugPageTest@643b1d11</td></tr>
<tr>
<td title='com.webtest.test.PlugPageTest.test51()'><b>test51</b><br>Test class: com.webtest.test.PlugPageTest</td>
<td></td>
<td>0</td>
<td>com.webtest.test.PlugPageTest@643b1d11</td></tr>
<tr>
<td title='com.webtest.test.MenuPageTeset.test52()'><b>test52</b><br>Test class: com.webtest.test.MenuPageTeset</td>
<td></td>
<td>9</td>
<td>com.webtest.test.MenuPageTeset@36d4b5c</td></tr>
<tr>
<td title='com.webtest.test.MenuPageTeset.test53()'><b>test53</b><br>Test class: com.webtest.test.MenuPageTeset</td>
<td></td>
<td>10</td>
<td>com.webtest.test.MenuPageTeset@36d4b5c</td></tr>
<tr>
<td title='com.webtest.test.MenuPageTeset.test54()'><b>test54</b><br>Test class: com.webtest.test.MenuPageTeset</td>
<td></td>
<td>3</td>
<td>com.webtest.test.MenuPageTeset@36d4b5c</td></tr>
<tr>
<td title='com.webtest.test.MenuItemPageTest.test55()'><b>test55</b><br>Test class: com.webtest.test.MenuItemPageTest</td>
<td></td>
<td>21</td>
<td>com.webtest.test.MenuItemPageTest@2ef5e5e3</td></tr>
<tr>
<td title='com.webtest.test.AppearancePageTest.test9()'><b>test9</b><br>Test class: com.webtest.test.AppearancePageTest</td>
<td></td>
<td>12</td>
<td>com.webtest.test.AppearancePageTest@56f4468b</td></tr>
</table><p>
<table width='100%' border='1' class='invocation-skipped'>
<tr><td colspan='4' align='center'><b>SKIPPED TESTS</b></td></tr>
<tr><td><b>Test method</b></td>
<td width="30%"><b>Exception</b></td>
<td width="10%"><b>Time (seconds)</b></td>
<td><b>Instance</b></td>
</tr>
<tr>
<td title='com.webtest.test.InverstigateOverallPageTest.test1()'><b>test1</b><br>Test class: com.webtest.test.InverstigateOverallPageTest</td>
<td><div><pre>java.lang.NullPointerException
	at com.webtest.page.BaseTest.login(Unknown Source)
	at com.webtest.test.InverstigateOverallPageTest.initClass(Unknown Source)
	at java.util.ArrayList.forEach(Unknown Source)
... Removed 24 stack frames</pre></div><a href='#' onClick='toggleBox("stack-trace37926966", this, "Click to show all stack frames", "Click to hide stack frames")'>Click to show all stack frames</a>
<div class='stack-trace' id='stack-trace37926966'><pre>java.lang.NullPointerException
	at com.webtest.page.BaseTest.login(Unknown Source)
	at com.webtest.test.InverstigateOverallPageTest.initClass(Unknown Source)
	at sun.reflect.NativeMethodAccessorImpl.invoke0(Native Method)
	at sun.reflect.NativeMethodAccessorImpl.invoke(Unknown Source)
	at sun.reflect.DelegatingMethodAccessorImpl.invoke(Unknown Source)
	at java.lang.reflect.Method.invoke(Unknown Source)
	at org.testng.internal.MethodInvocationHelper.invokeMethod(MethodInvocationHelper.java:134)
	at org.testng.internal.MethodInvocationHelper.invokeMethodConsideringTimeout(MethodInvocationHelper.java:63)
	at org.testng.internal.ConfigInvoker.invokeConfigurationMethod(ConfigInvoker.java:348)
	at org.testng.internal.ConfigInvoker.invokeConfigurations(ConfigInvoker.java:302)
	at org.testng.internal.TestMethodWorker.invokeBeforeClassMethods(TestMethodWorker.java:176)
	at org.testng.internal.TestMethodWorker.run(TestMethodWorker.java:122)
	at java.util.ArrayList.forEach(Unknown Source)
	at org.testng.TestRunner.privateRun(TestRunner.java:766)
	at org.testng.TestRunner.run(TestRunner.java:587)
	at org.testng.SuiteRunner.runTest(SuiteRunner.java:384)
	at org.testng.SuiteRunner.runSequentially(SuiteRunner.java:378)
	at org.testng.SuiteRunner.privateRun(SuiteRunner.java:337)
	at org.testng.SuiteRunner.run(SuiteRunner.java:286)
	at org.testng.SuiteRunnerWorker.runSuite(SuiteRunnerWorker.java:53)
	at org.testng.SuiteRunnerWorker.run(SuiteRunnerWorker.java:96)
	at org.testng.TestNG.runSuitesSequentially(TestNG.java:1187)
	at org.testng.TestNG.runSuitesLocally(TestNG.java:1109)
	at org.testng.TestNG.runSuites(TestNG.java:1039)
	at org.testng.TestNG.run(TestNG.java:1007)
	at org.testng.TestNG.privateMain(TestNG.java:1336)
	at org.testng.TestNG.main(TestNG.java:1304)
</pre></div></td>
<td>0</td>
<td>com.webtest.test.InverstigateOverallPageTest@5d5eef3d</td></tr>
<tr>
<td title='com.webtest.test.InverstigateOverallPageTest.test2()'><b>test2</b><br>Test class: com.webtest.test.InverstigateOverallPageTest</td>
<td><div><pre>java.lang.NullPointerException
	at com.webtest.page.BaseTest.login(Unknown Source)
	at com.webtest.test.InverstigateOverallPageTest.initClass(Unknown Source)
	at java.util.ArrayList.forEach(Unknown Source)
... Removed 24 stack frames</pre></div><a href='#' onClick='toggleBox("stack-trace1064265473", this, "Click to show all stack frames", "Click to hide stack frames")'>Click to show all stack frames</a>
<div class='stack-trace' id='stack-trace1064265473'><pre>java.lang.NullPointerException
	at com.webtest.page.BaseTest.login(Unknown Source)
	at com.webtest.test.InverstigateOverallPageTest.initClass(Unknown Source)
	at sun.reflect.NativeMethodAccessorImpl.invoke0(Native Method)
	at sun.reflect.NativeMethodAccessorImpl.invoke(Unknown Source)
	at sun.reflect.DelegatingMethodAccessorImpl.invoke(Unknown Source)
	at java.lang.reflect.Method.invoke(Unknown Source)
	at org.testng.internal.MethodInvocationHelper.invokeMethod(MethodInvocationHelper.java:134)
	at org.testng.internal.MethodInvocationHelper.invokeMethodConsideringTimeout(MethodInvocationHelper.java:63)
	at org.testng.internal.ConfigInvoker.invokeConfigurationMethod(ConfigInvoker.java:348)
	at org.testng.internal.ConfigInvoker.invokeConfigurations(ConfigInvoker.java:302)
	at org.testng.internal.TestMethodWorker.invokeBeforeClassMethods(TestMethodWorker.java:176)
	at org.testng.internal.TestMethodWorker.run(TestMethodWorker.java:122)
	at java.util.ArrayList.forEach(Unknown Source)
	at org.testng.TestRunner.privateRun(TestRunner.java:766)
	at org.testng.TestRunner.run(TestRunner.java:587)
	at org.testng.SuiteRunner.runTest(SuiteRunner.java:384)
	at org.testng.SuiteRunner.runSequentially(SuiteRunner.java:378)
	at org.testng.SuiteRunner.privateRun(SuiteRunner.java:337)
	at org.testng.SuiteRunner.run(SuiteRunner.java:286)
	at org.testng.SuiteRunnerWorker.runSuite(SuiteRunnerWorker.java:53)
	at org.testng.SuiteRunnerWorker.run(SuiteRunnerWorker.java:96)
	at org.testng.TestNG.runSuitesSequentially(TestNG.java:1187)
	at org.testng.TestNG.runSuitesLocally(TestNG.java:1109)
	at org.testng.TestNG.runSuites(TestNG.java:1039)
	at org.testng.TestNG.run(TestNG.java:1007)
	at org.testng.TestNG.privateMain(TestNG.java:1336)
	at org.testng.TestNG.main(TestNG.java:1304)
</pre></div></td>
<td>0</td>
<td>com.webtest.test.InverstigateOverallPageTest@5d5eef3d</td></tr>
<tr>
<td title='com.webtest.test.InverstigateOverallPageTest.test3()'><b>test3</b><br>Test class: com.webtest.test.InverstigateOverallPageTest</td>
<td><div><pre>java.lang.NullPointerException
	at com.webtest.page.BaseTest.login(Unknown Source)
	at com.webtest.test.InverstigateOverallPageTest.initClass(Unknown Source)
	at java.util.ArrayList.forEach(Unknown Source)
... Removed 24 stack frames</pre></div><a href='#' onClick='toggleBox("stack-trace891786282", this, "Click to show all stack frames", "Click to hide stack frames")'>Click to show all stack frames</a>
<div class='stack-trace' id='stack-trace891786282'><pre>java.lang.NullPointerException
	at com.webtest.page.BaseTest.login(Unknown Source)
	at com.webtest.test.InverstigateOverallPageTest.initClass(Unknown Source)
	at sun.reflect.NativeMethodAccessorImpl.invoke0(Native Method)
	at sun.reflect.NativeMethodAccessorImpl.invoke(Unknown Source)
	at sun.reflect.DelegatingMethodAccessorImpl.invoke(Unknown Source)
	at java.lang.reflect.Method.invoke(Unknown Source)
	at org.testng.internal.MethodInvocationHelper.invokeMethod(MethodInvocationHelper.java:134)
	at org.testng.internal.MethodInvocationHelper.invokeMethodConsideringTimeout(MethodInvocationHelper.java:63)
	at org.testng.internal.ConfigInvoker.invokeConfigurationMethod(ConfigInvoker.java:348)
	at org.testng.internal.ConfigInvoker.invokeConfigurations(ConfigInvoker.java:302)
	at org.testng.internal.TestMethodWorker.invokeBeforeClassMethods(TestMethodWorker.java:176)
	at org.testng.internal.TestMethodWorker.run(TestMethodWorker.java:122)
	at java.util.ArrayList.forEach(Unknown Source)
	at org.testng.TestRunner.privateRun(TestRunner.java:766)
	at org.testng.TestRunner.run(TestRunner.java:587)
	at org.testng.SuiteRunner.runTest(SuiteRunner.java:384)
	at org.testng.SuiteRunner.runSequentially(SuiteRunner.java:378)
	at org.testng.SuiteRunner.privateRun(SuiteRunner.java:337)
	at org.testng.SuiteRunner.run(SuiteRunner.java:286)
	at org.testng.SuiteRunnerWorker.runSuite(SuiteRunnerWorker.java:53)
	at org.testng.SuiteRunnerWorker.run(SuiteRunnerWorker.java:96)
	at org.testng.TestNG.runSuitesSequentially(TestNG.java:1187)
	at org.testng.TestNG.runSuitesLocally(TestNG.java:1109)
	at org.testng.TestNG.runSuites(TestNG.java:1039)
	at org.testng.TestNG.run(TestNG.java:1007)
	at org.testng.TestNG.privateMain(TestNG.java:1336)
	at org.testng.TestNG.main(TestNG.java:1304)
</pre></div></td>
<td>0</td>
<td>com.webtest.test.InverstigateOverallPageTest@5d5eef3d</td></tr>
<tr>
<td title='com.webtest.test.InverstigateOverallPageTest.test4()'><b>test4</b><br>Test class: com.webtest.test.InverstigateOverallPageTest</td>
<td><div><pre>java.lang.NullPointerException
	at com.webtest.page.BaseTest.login(Unknown Source)
	at com.webtest.test.InverstigateOverallPageTest.initClass(Unknown Source)
	at java.util.ArrayList.forEach(Unknown Source)
... Removed 24 stack frames</pre></div><a href='#' onClick='toggleBox("stack-trace155361948", this, "Click to show all stack frames", "Click to hide stack frames")'>Click to show all stack frames</a>
<div class='stack-trace' id='stack-trace155361948'><pre>java.lang.NullPointerException
	at com.webtest.page.BaseTest.login(Unknown Source)
	at com.webtest.test.InverstigateOverallPageTest.initClass(Unknown Source)
	at sun.reflect.NativeMethodAccessorImpl.invoke0(Native Method)
	at sun.reflect.NativeMethodAccessorImpl.invoke(Unknown Source)
	at sun.reflect.DelegatingMethodAccessorImpl.invoke(Unknown Source)
	at java.lang.reflect.Method.invoke(Unknown Source)
	at org.testng.internal.MethodInvocationHelper.invokeMethod(MethodInvocationHelper.java:134)
	at org.testng.internal.MethodInvocationHelper.invokeMethodConsideringTimeout(MethodInvocationHelper.java:63)
	at org.testng.internal.ConfigInvoker.invokeConfigurationMethod(ConfigInvoker.java:348)
	at org.testng.internal.ConfigInvoker.invokeConfigurations(ConfigInvoker.java:302)
	at org.testng.internal.TestMethodWorker.invokeBeforeClassMethods(TestMethodWorker.java:176)
	at org.testng.internal.TestMethodWorker.run(TestMethodWorker.java:122)
	at java.util.ArrayList.forEach(Unknown Source)
	at org.testng.TestRunner.privateRun(TestRunner.java:766)
	at org.testng.TestRunner.run(TestRunner.java:587)
	at org.testng.SuiteRunner.runTest(SuiteRunner.java:384)
	at org.testng.SuiteRunner.runSequentially(SuiteRunner.java:378)
	at org.testng.SuiteRunner.privateRun(SuiteRunner.java:337)
	at org.testng.SuiteRunner.run(SuiteRunner.java:286)
	at org.testng.SuiteRunnerWorker.runSuite(SuiteRunnerWorker.java:53)
	at org.testng.SuiteRunnerWorker.run(SuiteRunnerWorker.java:96)
	at org.testng.TestNG.runSuitesSequentially(TestNG.java:1187)
	at org.testng.TestNG.runSuitesLocally(TestNG.java:1109)
	at org.testng.TestNG.runSuites(TestNG.java:1039)
	at org.testng.TestNG.run(TestNG.java:1007)
	at org.testng.TestNG.privateMain(TestNG.java:1336)
	at org.testng.TestNG.main(TestNG.java:1304)
</pre></div></td>
<td>0</td>
<td>com.webtest.test.InverstigateOverallPageTest@5d5eef3d</td></tr>
<tr>
<td title='com.webtest.test.InverstigateOverallPageTest.test5()'><b>test5</b><br>Test class: com.webtest.test.InverstigateOverallPageTest</td>
<td><div><pre>java.lang.NullPointerException
	at com.webtest.page.BaseTest.login(Unknown Source)
	at com.webtest.test.InverstigateOverallPageTest.initClass(Unknown Source)
	at java.util.ArrayList.forEach(Unknown Source)
... Removed 24 stack frames</pre></div><a href='#' onClick='toggleBox("stack-trace517355658", this, "Click to show all stack frames", "Click to hide stack frames")'>Click to show all stack frames</a>
<div class='stack-trace' id='stack-trace517355658'><pre>java.lang.NullPointerException
	at com.webtest.page.BaseTest.login(Unknown Source)
	at com.webtest.test.InverstigateOverallPageTest.initClass(Unknown Source)
	at sun.reflect.NativeMethodAccessorImpl.invoke0(Native Method)
	at sun.reflect.NativeMethodAccessorImpl.invoke(Unknown Source)
	at sun.reflect.DelegatingMethodAccessorImpl.invoke(Unknown Source)
	at java.lang.reflect.Method.invoke(Unknown Source)
	at org.testng.internal.MethodInvocationHelper.invokeMethod(MethodInvocationHelper.java:134)
	at org.testng.internal.MethodInvocationHelper.invokeMethodConsideringTimeout(MethodInvocationHelper.java:63)
	at org.testng.internal.ConfigInvoker.invokeConfigurationMethod(ConfigInvoker.java:348)
	at org.testng.internal.ConfigInvoker.invokeConfigurations(ConfigInvoker.java:302)
	at org.testng.internal.TestMethodWorker.invokeBeforeClassMethods(TestMethodWorker.java:176)
	at org.testng.internal.TestMethodWorker.run(TestMethodWorker.java:122)
	at java.util.ArrayList.forEach(Unknown Source)
	at org.testng.TestRunner.privateRun(TestRunner.java:766)
	at org.testng.TestRunner.run(TestRunner.java:587)
	at org.testng.SuiteRunner.runTest(SuiteRunner.java:384)
	at org.testng.SuiteRunner.runSequentially(SuiteRunner.java:378)
	at org.testng.SuiteRunner.privateRun(SuiteRunner.java:337)
	at org.testng.SuiteRunner.run(SuiteRunner.java:286)
	at org.testng.SuiteRunnerWorker.runSuite(SuiteRunnerWorker.java:53)
	at org.testng.SuiteRunnerWorker.run(SuiteRunnerWorker.java:96)
	at org.testng.TestNG.runSuitesSequentially(TestNG.java:1187)
	at org.testng.TestNG.runSuitesLocally(TestNG.java:1109)
	at org.testng.TestNG.runSuites(TestNG.java:1039)
	at org.testng.TestNG.run(TestNG.java:1007)
	at org.testng.TestNG.privateMain(TestNG.java:1336)
	at org.testng.TestNG.main(TestNG.java:1304)
</pre></div></td>
<td>0</td>
<td>com.webtest.test.InverstigateOverallPageTest@5d5eef3d</td></tr>
<tr>
<td title='com.webtest.test.InverstigateOverallPageTest.test6()'><b>test6</b><br>Test class: com.webtest.test.InverstigateOverallPageTest</td>
<td><div><pre>java.lang.NullPointerException
	at com.webtest.page.BaseTest.login(Unknown Source)
	at com.webtest.test.InverstigateOverallPageTest.initClass(Unknown Source)
	at java.util.ArrayList.forEach(Unknown Source)
... Removed 24 stack frames</pre></div><a href='#' onClick='toggleBox("stack-trace1514476350", this, "Click to show all stack frames", "Click to hide stack frames")'>Click to show all stack frames</a>
<div class='stack-trace' id='stack-trace1514476350'><pre>java.lang.NullPointerException
	at com.webtest.page.BaseTest.login(Unknown Source)
	at com.webtest.test.InverstigateOverallPageTest.initClass(Unknown Source)
	at sun.reflect.NativeMethodAccessorImpl.invoke0(Native Method)
	at sun.reflect.NativeMethodAccessorImpl.invoke(Unknown Source)
	at sun.reflect.DelegatingMethodAccessorImpl.invoke(Unknown Source)
	at java.lang.reflect.Method.invoke(Unknown Source)
	at org.testng.internal.MethodInvocationHelper.invokeMethod(MethodInvocationHelper.java:134)
	at org.testng.internal.MethodInvocationHelper.invokeMethodConsideringTimeout(MethodInvocationHelper.java:63)
	at org.testng.internal.ConfigInvoker.invokeConfigurationMethod(ConfigInvoker.java:348)
	at org.testng.internal.ConfigInvoker.invokeConfigurations(ConfigInvoker.java:302)
	at org.testng.internal.TestMethodWorker.invokeBeforeClassMethods(TestMethodWorker.java:176)
	at org.testng.internal.TestMethodWorker.run(TestMethodWorker.java:122)
	at java.util.ArrayList.forEach(Unknown Source)
	at org.testng.TestRunner.privateRun(TestRunner.java:766)
	at org.testng.TestRunner.run(TestRunner.java:587)
	at org.testng.SuiteRunner.runTest(SuiteRunner.java:384)
	at org.testng.SuiteRunner.runSequentially(SuiteRunner.java:378)
	at org.testng.SuiteRunner.privateRun(SuiteRunner.java:337)
	at org.testng.SuiteRunner.run(SuiteRunner.java:286)
	at org.testng.SuiteRunnerWorker.runSuite(SuiteRunnerWorker.java:53)
	at org.testng.SuiteRunnerWorker.run(SuiteRunnerWorker.java:96)
	at org.testng.TestNG.runSuitesSequentially(TestNG.java:1187)
	at org.testng.TestNG.runSuitesLocally(TestNG.java:1109)
	at org.testng.TestNG.runSuites(TestNG.java:1039)
	at org.testng.TestNG.run(TestNG.java:1007)
	at org.testng.TestNG.privateMain(TestNG.java:1336)
	at org.testng.TestNG.main(TestNG.java:1304)
</pre></div></td>
<td>0</td>
<td>com.webtest.test.InverstigateOverallPageTest@5d5eef3d</td></tr>
<tr>
<td title='com.webtest.test.InverstigateOverallPageTest.test7()'><b>test7</b><br>Test class: com.webtest.test.InverstigateOverallPageTest</td>
<td><div><pre>java.lang.NullPointerException
	at com.webtest.page.BaseTest.login(Unknown Source)
	at com.webtest.test.InverstigateOverallPageTest.initClass(Unknown Source)
	at java.util.ArrayList.forEach(Unknown Source)
... Removed 24 stack frames</pre></div><a href='#' onClick='toggleBox("stack-trace1397381784", this, "Click to show all stack frames", "Click to hide stack frames")'>Click to show all stack frames</a>
<div class='stack-trace' id='stack-trace1397381784'><pre>java.lang.NullPointerException
	at com.webtest.page.BaseTest.login(Unknown Source)
	at com.webtest.test.InverstigateOverallPageTest.initClass(Unknown Source)
	at sun.reflect.NativeMethodAccessorImpl.invoke0(Native Method)
	at sun.reflect.NativeMethodAccessorImpl.invoke(Unknown Source)
	at sun.reflect.DelegatingMethodAccessorImpl.invoke(Unknown Source)
	at java.lang.reflect.Method.invoke(Unknown Source)
	at org.testng.internal.MethodInvocationHelper.invokeMethod(MethodInvocationHelper.java:134)
	at org.testng.internal.MethodInvocationHelper.invokeMethodConsideringTimeout(MethodInvocationHelper.java:63)
	at org.testng.internal.ConfigInvoker.invokeConfigurationMethod(ConfigInvoker.java:348)
	at org.testng.internal.ConfigInvoker.invokeConfigurations(ConfigInvoker.java:302)
	at org.testng.internal.TestMethodWorker.invokeBeforeClassMethods(TestMethodWorker.java:176)
	at org.testng.internal.TestMethodWorker.run(TestMethodWorker.java:122)
	at java.util.ArrayList.forEach(Unknown Source)
	at org.testng.TestRunner.privateRun(TestRunner.java:766)
	at org.testng.TestRunner.run(TestRunner.java:587)
	at org.testng.SuiteRunner.runTest(SuiteRunner.java:384)
	at org.testng.SuiteRunner.runSequentially(SuiteRunner.java:378)
	at org.testng.SuiteRunner.privateRun(SuiteRunner.java:337)
	at org.testng.SuiteRunner.run(SuiteRunner.java:286)
	at org.testng.SuiteRunnerWorker.runSuite(SuiteRunnerWorker.java:53)
	at org.testng.SuiteRunnerWorker.run(SuiteRunnerWorker.java:96)
	at org.testng.TestNG.runSuitesSequentially(TestNG.java:1187)
	at org.testng.TestNG.runSuitesLocally(TestNG.java:1109)
	at org.testng.TestNG.runSuites(TestNG.java:1039)
	at org.testng.TestNG.run(TestNG.java:1007)
	at org.testng.TestNG.privateMain(TestNG.java:1336)
	at org.testng.TestNG.main(TestNG.java:1304)
</pre></div></td>
<td>0</td>
<td>com.webtest.test.InverstigateOverallPageTest@5d5eef3d</td></tr>
<tr>
<td title='com.webtest.test.InverstigateOverallPageTest.test8()'><b>test8</b><br>Test class: com.webtest.test.InverstigateOverallPageTest</td>
<td><div><pre>java.lang.NullPointerException
	at com.webtest.page.BaseTest.login(Unknown Source)
	at com.webtest.test.InverstigateOverallPageTest.initClass(Unknown Source)
	at java.util.ArrayList.forEach(Unknown Source)
... Removed 24 stack frames</pre></div><a href='#' onClick='toggleBox("stack-trace1333810223", this, "Click to show all stack frames", "Click to hide stack frames")'>Click to show all stack frames</a>
<div class='stack-trace' id='stack-trace1333810223'><pre>java.lang.NullPointerException
	at com.webtest.page.BaseTest.login(Unknown Source)
	at com.webtest.test.InverstigateOverallPageTest.initClass(Unknown Source)
	at sun.reflect.NativeMethodAccessorImpl.invoke0(Native Method)
	at sun.reflect.NativeMethodAccessorImpl.invoke(Unknown Source)
	at sun.reflect.DelegatingMethodAccessorImpl.invoke(Unknown Source)
	at java.lang.reflect.Method.invoke(Unknown Source)
	at org.testng.internal.MethodInvocationHelper.invokeMethod(MethodInvocationHelper.java:134)
	at org.testng.internal.MethodInvocationHelper.invokeMethodConsideringTimeout(MethodInvocationHelper.java:63)
	at org.testng.internal.ConfigInvoker.invokeConfigurationMethod(ConfigInvoker.java:348)
	at org.testng.internal.ConfigInvoker.invokeConfigurations(ConfigInvoker.java:302)
	at org.testng.internal.TestMethodWorker.invokeBeforeClassMethods(TestMethodWorker.java:176)
	at org.testng.internal.TestMethodWorker.run(TestMethodWorker.java:122)
	at java.util.ArrayList.forEach(Unknown Source)
	at org.testng.TestRunner.privateRun(TestRunner.java:766)
	at org.testng.TestRunner.run(TestRunner.java:587)
	at org.testng.SuiteRunner.runTest(SuiteRunner.java:384)
	at org.testng.SuiteRunner.runSequentially(SuiteRunner.java:378)
	at org.testng.SuiteRunner.privateRun(SuiteRunner.java:337)
	at org.testng.SuiteRunner.run(SuiteRunner.java:286)
	at org.testng.SuiteRunnerWorker.runSuite(SuiteRunnerWorker.java:53)
	at org.testng.SuiteRunnerWorker.run(SuiteRunnerWorker.java:96)
	at org.testng.TestNG.runSuitesSequentially(TestNG.java:1187)
	at org.testng.TestNG.runSuitesLocally(TestNG.java:1109)
	at org.testng.TestNG.runSuites(TestNG.java:1039)
	at org.testng.TestNG.run(TestNG.java:1007)
	at org.testng.TestNG.privateMain(TestNG.java:1336)
	at org.testng.TestNG.main(TestNG.java:1304)
</pre></div></td>
<td>0</td>
<td>com.webtest.test.InverstigateOverallPageTest@5d5eef3d</td></tr>
</table><p>
</body>
</html>